[39m[DEBUG][0;39m [2014-04-09 18:04:27,736] [com.tcbook.ws.bin.TCBookMain->start] [TCBookMain.java:49] |- [TCBook] Initializing database...
[1;31m[ERROR][0;39m [2014-04-09 18:04:28,442] [c.tcbook.ws.database.datasource.DataSourceManager->initDataSource] [DataSourceManager.java:97] |- Problem on create database connection pool (DataSource): org.apache.commons.dbcp.SQLNestedException: Cannot create PoolableConnectionFactory (Access denied for user 'tcbook-ws'@'localhost' (using password: YES)). Data: com.tcbook.ws.database.datasource.DataSourceProperties@33e228bc[type=MY_SQL,databaseSchemaName=<null>,driver=com.mysql.jdbc.Driver,url=jdbc:mysql://localhost:3306/mc536,username=tcbook-ws,password=tcbook123,initialSize=1,maxActive=100,minIdle=10,maxIdle=20,maxWait=60000,validationQuery=SELECT CURDATE();]
[1;31m[ERROR][0;39m [2014-04-09 18:04:28,444] [com.tcbook.ws.bin.TCBookMain->start] [TCBookMain.java:87] |- [TCBookMain] Error starting TCBookMain! Exception: java.lang.RuntimeException: Problem on create database connection pool (DataSource)
[39m[DEBUG][0;39m [2014-04-09 18:04:47,535] [com.tcbook.ws.bin.TCBookMain->start] [TCBookMain.java:49] |- [TCBook] Initializing database...
[1;31m[ERROR][0;39m [2014-04-09 18:04:47,712] [c.tcbook.ws.database.datasource.DataSourceManager->initDataSource] [DataSourceManager.java:97] |- Problem on create database connection pool (DataSource): org.apache.commons.dbcp.SQLNestedException: Cannot create PoolableConnectionFactory (Access denied for user 'tcbook-ws'@'localhost' (using password: YES)). Data: com.tcbook.ws.database.datasource.DataSourceProperties@5de9ac4[type=MY_SQL,databaseSchemaName=<null>,driver=com.mysql.jdbc.Driver,url=jdbc:mysql://localhost:3306/mc536,username=tcbook-ws,password=tcbook123,initialSize=1,maxActive=100,minIdle=10,maxIdle=20,maxWait=60000,validationQuery=SELECT CURDATE();]
[1;31m[ERROR][0;39m [2014-04-09 18:04:47,713] [com.tcbook.ws.bin.TCBookMain->start] [TCBookMain.java:87] |- [TCBookMain] Error starting TCBookMain! Exception: java.lang.RuntimeException: Problem on create database connection pool (DataSource)
[39m[DEBUG][0;39m [2014-04-09 18:04:58,256] [com.tcbook.ws.bin.TCBookMain->start] [TCBookMain.java:49] |- [TCBook] Initializing database...
[1;31m[ERROR][0;39m [2014-04-09 18:05:16,187] [c.tcbook.ws.database.datasource.DataSourceManager->initDataSource] [DataSourceManager.java:97] |- Problem on create database connection pool (DataSource): org.apache.commons.dbcp.SQLNestedException: Cannot create PoolableConnectionFactory (Access denied for user 'tcbook-ws'@'localhost' (using password: YES)). Data: com.tcbook.ws.database.datasource.DataSourceProperties@7219d6af[type=MY_SQL,databaseSchemaName=<null>,driver=com.mysql.jdbc.Driver,url=jdbc:mysql://localhost:3306/mc536,username=tcbook-ws,password=tcbook123,initialSize=1,maxActive=100,minIdle=10,maxIdle=20,maxWait=60000,validationQuery=SELECT CURDATE();]
[1;31m[ERROR][0;39m [2014-04-09 18:05:24,998] [com.tcbook.ws.bin.TCBookMain->start] [TCBookMain.java:87] |- [TCBookMain] Error starting TCBookMain! Exception: java.lang.RuntimeException: Problem on create database connection pool (DataSource)
[39m[DEBUG][0;39m [2014-04-09 18:07:17,472] [com.tcbook.ws.bin.TCBookMain->start] [TCBookMain.java:49] |- [TCBook] Initializing database...
[1;31m[ERROR][0;39m [2014-04-09 18:07:23,700] [c.tcbook.ws.database.datasource.DataSourceManager->initDataSource] [DataSourceManager.java:97] |- Problem on create database connection pool (DataSource): org.apache.commons.dbcp.SQLNestedException: Cannot create PoolableConnectionFactory (Access denied for user 'tcbook-ws'@'localhost' to database 'mc536'). Data: com.tcbook.ws.database.datasource.DataSourceProperties@785e8d7d[type=MY_SQL,databaseSchemaName=<null>,driver=com.mysql.jdbc.Driver,url=jdbc:mysql://localhost:3306/mc536,username=tcbook-ws,password=tcbook123,initialSize=1,maxActive=100,minIdle=10,maxIdle=20,maxWait=60000,validationQuery=SELECT CURDATE();]
[1;31m[ERROR][0;39m [2014-04-09 18:08:19,555] [com.tcbook.ws.bin.TCBookMain->start] [TCBookMain.java:87] |- [TCBookMain] Error starting TCBookMain! Exception: java.lang.RuntimeException: Problem on create database connection pool (DataSource)
[39m[DEBUG][0;39m [2014-04-09 18:11:33,511] [com.tcbook.ws.bin.TCBookMain->start] [TCBookMain.java:49] |- [TCBook] Initializing database...
[34m[INFO ][0;39m [2014-04-09 18:11:38,493] [c.tcbook.ws.database.datasource.DataSourceManager->initDataSource] [DataSourceManager.java:93] |- DataSource TCBOOK_DB created with properties: com.tcbook.ws.database.datasource.DataSourceProperties@528a52b6[type=MY_SQL,databaseSchemaName=<null>,driver=com.mysql.jdbc.Driver,url=jdbc:mysql://localhost:3306/mc536,username=tcbook-ws,password=tcbook123,initialSize=1,maxActive=100,minIdle=10,maxIdle=20,maxWait=60000,validationQuery=SELECT CURDATE();]
[34m[INFO ][0;39m [2014-04-09 18:11:40,711] [com.tcbook.ws.web.manager.WebServerManager->run] [WebServerManager.java:32] |- [WEB_SERVER_MANAGER] Starting server for WebServices...
[34m[INFO ][0;39m [2014-04-09 18:11:40,926] [com.tcbook.ws.web.manager.WebServerManager->configureConnector] [WebServerManager.java:108] |- [WEB_SERVER_MANAGER] Starting WebServer[jetty] on port 9001...
[34m[INFO ][0;39m [2014-04-09 18:11:41,119] [com.tcbook.ws.web.manager.WebServerManager->startServer] [WebServerManager.java:89] |- [WEB_SERVER_MANAGER] WebServer started!
[34m[INFO ][0;39m [2014-04-09 18:11:43,061] [com.tcbook.ws.bin.TCBookMain->start] [TCBookMain.java:80] |- [TCBookMain] Registering threads on shutdown manager...
[34m[INFO ][0;39m [2014-04-09 18:11:46,063] [com.tcbook.ws.bin.TCBookMain->start] [TCBookMain.java:85] |- [TCBookMain] Application started! Time it took: 13773ms
[39m[DEBUG][0;39m [2014-04-09 18:34:27,252] [com.tcbook.ws.bin.TCBookMain->start] [TCBookMain.java:42] |- [TCBook] Initializing database...
[34m[INFO ][0;39m [2014-04-09 18:34:27,518] [c.tcbook.ws.database.datasource.DataSourceManager->initDataSource] [DataSourceManager.java:93] |- DataSource TCBOOK_DB created with properties: com.tcbook.ws.database.datasource.DataSourceProperties@60de1b8a[type=MY_SQL,databaseSchemaName=<null>,driver=com.mysql.jdbc.Driver,url=jdbc:mysql://localhost:3306/mc536,username=tcbook-ws,password=tcbook123,initialSize=1,maxActive=100,minIdle=10,maxIdle=20,maxWait=60000,validationQuery=SELECT CURDATE();]
[34m[INFO ][0;39m [2014-04-09 18:34:27,521] [com.tcbook.ws.bin.TCBookMain->start] [TCBookMain.java:72] |- [TCBookMain] Registering threads on shutdown manager...
[34m[INFO ][0;39m [2014-04-09 18:34:27,521] [com.tcbook.ws.web.manager.WebServerManager->run] [WebServerManager.java:30] |- [WEB_SERVER_MANAGER] Starting server for WebServices...
[34m[INFO ][0;39m [2014-04-09 18:34:27,568] [com.tcbook.ws.web.manager.WebServerManager->configureConnector] [WebServerManager.java:100] |- [WEB_SERVER_MANAGER] Starting WebServer[jetty] on port 9001...
[34m[INFO ][0;39m [2014-04-09 18:34:27,676] [com.tcbook.ws.web.manager.WebServerManager->startServer] [WebServerManager.java:66] |- [WEB_SERVER_MANAGER] WebServer started!
[34m[INFO ][0;39m [2014-04-09 18:34:30,522] [com.tcbook.ws.bin.TCBookMain->start] [TCBookMain.java:77] |- [TCBookMain] Application started! Time it took: 3486ms
[34m[INFO ][0;39m [2014-04-09 18:35:28,056] [com.tcbook.ws.bin.Shutdown->run] [Shutdown.java:22] |- TCBookMain is shutting down...
[34m[INFO ][0;39m [2014-04-09 18:35:28,056] [com.tcbook.ws.web.manager.WebServerManager->shutdown] [WebServerManager.java:130] |- [WEB_SERVER_MANAGER] Stopping Webserver...
[34m[INFO ][0;39m [2014-04-09 18:35:28,180] [com.tcbook.ws.web.manager.WebServerManager->shutdown] [WebServerManager.java:134] |- [WEB_SERVER_MANAGER] Webserver stopped.
[34m[INFO ][0;39m [2014-04-09 18:35:28,181] [com.tcbook.ws.bin.Shutdown->run] [Shutdown.java:39] |- TCBook Ended. Time it took: 126ms.
[39m[DEBUG][0;39m [2014-04-09 18:35:48,832] [com.tcbook.ws.bin.TCBookMain->start] [TCBookMain.java:42] |- [TCBook] Initializing database...
[34m[INFO ][0;39m [2014-04-09 18:35:49,087] [c.tcbook.ws.database.datasource.DataSourceManager->initDataSource] [DataSourceManager.java:93] |- DataSource TCBOOK_DB created with properties: com.tcbook.ws.database.datasource.DataSourceProperties@63779885[type=MY_SQL,databaseSchemaName=<null>,driver=com.mysql.jdbc.Driver,url=jdbc:mysql://localhost:3306/mc536,username=tcbook-ws,password=tcbook123,initialSize=1,maxActive=100,minIdle=10,maxIdle=20,maxWait=60000,validationQuery=SELECT CURDATE();]
[34m[INFO ][0;39m [2014-04-09 18:35:49,091] [com.tcbook.ws.bin.TCBookMain->start] [TCBookMain.java:72] |- [TCBookMain] Registering threads on shutdown manager...
[34m[INFO ][0;39m [2014-04-09 18:35:49,091] [com.tcbook.ws.web.manager.WebServerManager->run] [WebServerManager.java:30] |- [WEB_SERVER_MANAGER] Starting server for WebServices...
[34m[INFO ][0;39m [2014-04-09 18:35:49,144] [com.tcbook.ws.web.manager.WebServerManager->configureConnector] [WebServerManager.java:99] |- [WEB_SERVER_MANAGER] Starting WebServer[jetty] on port 9001...
[34m[INFO ][0;39m [2014-04-09 18:35:49,239] [com.tcbook.ws.web.manager.WebServerManager->startServer] [WebServerManager.java:65] |- [WEB_SERVER_MANAGER] WebServer started!
[34m[INFO ][0;39m [2014-04-09 18:35:52,093] [com.tcbook.ws.bin.TCBookMain->start] [TCBookMain.java:77] |- [TCBookMain] Application started! Time it took: 3509ms
[39m[DEBUG][0;39m [2014-04-09 18:43:22,460] [com.tcbook.ws.bin.TCBookMain->start] [TCBookMain.java:42] |- [TCBook] Initializing database...
[34m[INFO ][0;39m [2014-04-09 18:43:22,722] [c.tcbook.ws.database.datasource.DataSourceManager->initDataSource] [DataSourceManager.java:93] |- DataSource TCBOOK_DB created with properties: com.tcbook.ws.database.datasource.DataSourceProperties@15e232b5[type=MY_SQL,databaseSchemaName=<null>,driver=com.mysql.jdbc.Driver,url=jdbc:mysql://localhost:3306/mc536,username=tcbook-ws,password=tcbook123,initialSize=1,maxActive=100,minIdle=10,maxIdle=20,maxWait=60000,validationQuery=SELECT CURDATE();]
[34m[INFO ][0;39m [2014-04-09 18:43:22,725] [com.tcbook.ws.bin.TCBookMain->start] [TCBookMain.java:72] |- [TCBookMain] Registering threads on shutdown manager...
[34m[INFO ][0;39m [2014-04-09 18:43:22,726] [com.tcbook.ws.web.manager.WebServerManager->run] [WebServerManager.java:30] |- [WEB_SERVER_MANAGER] Starting server for WebServices...
[34m[INFO ][0;39m [2014-04-09 18:43:22,775] [com.tcbook.ws.web.manager.WebServerManager->configureConnector] [WebServerManager.java:100] |- [WEB_SERVER_MANAGER] Starting WebServer[jetty] on port 9001...
[1;31m[ERROR][0;39m [2014-04-09 18:43:22,845] [com.tcbook.ws.web.manager.WebServerManager->startServer] [WebServerManager.java:67] |- [WEB_SERVER_MANAGER] Error starting Jetty webserver: java.net.BindException: Address already in use
[34m[INFO ][0;39m [2014-04-09 18:43:22,849] [com.tcbook.ws.bin.Shutdown->run] [Shutdown.java:22] |- TCBookMain is shutting down...
[34m[INFO ][0;39m [2014-04-09 18:43:22,849] [com.tcbook.ws.web.manager.WebServerManager->shutdown] [WebServerManager.java:130] |- [WEB_SERVER_MANAGER] Stopping Webserver...
[1;31m[ERROR][0;39m [2014-04-09 18:43:22,850] [com.tcbook.ws.web.manager.WebServerManager->shutdown] [WebServerManager.java:136] |- [WEB_SERVER_MANAGER] Error on stop WebServer!
java.lang.NullPointerException: null
	at com.tcbook.ws.web.manager.WebServerManager.shutdown(WebServerManager.java:133) ~[bin/:na]
	at com.tcbook.ws.bin.Shutdown.run(Shutdown.java:26) [bin/:na]
[34m[INFO ][0;39m [2014-04-09 18:43:25,726] [com.tcbook.ws.bin.TCBookMain->start] [TCBookMain.java:77] |- [TCBookMain] Application started! Time it took: 3490ms
[39m[DEBUG][0;39m [2014-04-09 18:44:09,402] [com.tcbook.ws.bin.TCBookMain->start] [TCBookMain.java:42] |- [TCBook] Initializing database...
[34m[INFO ][0;39m [2014-04-09 18:44:09,634] [c.tcbook.ws.database.datasource.DataSourceManager->initDataSource] [DataSourceManager.java:93] |- DataSource TCBOOK_DB created with properties: com.tcbook.ws.database.datasource.DataSourceProperties@60de1b8a[type=MY_SQL,databaseSchemaName=<null>,driver=com.mysql.jdbc.Driver,url=jdbc:mysql://localhost:3306/mc536,username=tcbook-ws,password=tcbook123,initialSize=1,maxActive=100,minIdle=10,maxIdle=20,maxWait=60000,validationQuery=SELECT CURDATE();]
[34m[INFO ][0;39m [2014-04-09 18:44:09,638] [com.tcbook.ws.bin.TCBookMain->start] [TCBookMain.java:72] |- [TCBookMain] Registering threads on shutdown manager...
[34m[INFO ][0;39m [2014-04-09 18:44:09,638] [com.tcbook.ws.web.manager.WebServerManager->run] [WebServerManager.java:30] |- [WEB_SERVER_MANAGER] Starting server for WebServices...
[34m[INFO ][0;39m [2014-04-09 18:44:09,680] [com.tcbook.ws.web.manager.WebServerManager->configureConnector] [WebServerManager.java:100] |- [WEB_SERVER_MANAGER] Starting WebServer[jetty] on port 9001...
[34m[INFO ][0;39m [2014-04-09 18:44:09,758] [com.tcbook.ws.web.manager.WebServerManager->startServer] [WebServerManager.java:65] |- [WEB_SERVER_MANAGER] WebServer started!
[34m[INFO ][0;39m [2014-04-09 18:44:12,639] [com.tcbook.ws.bin.TCBookMain->start] [TCBookMain.java:77] |- [TCBookMain] Application started! Time it took: 3482ms
[39m[DEBUG][0;39m [2014-04-09 18:45:38,786] [com.tcbook.ws.bin.TCBookMain->start] [TCBookMain.java:42] |- [TCBook] Initializing database...
[34m[INFO ][0;39m [2014-04-09 18:45:39,028] [c.tcbook.ws.database.datasource.DataSourceManager->initDataSource] [DataSourceManager.java:93] |- DataSource TCBOOK_DB created with properties: com.tcbook.ws.database.datasource.DataSourceProperties@7dc05ffd[type=MY_SQL,databaseSchemaName=<null>,driver=com.mysql.jdbc.Driver,url=jdbc:mysql://localhost:3306/mc536,username=tcbook-ws,password=tcbook123,initialSize=1,maxActive=100,minIdle=10,maxIdle=20,maxWait=60000,validationQuery=SELECT CURDATE();]
[34m[INFO ][0;39m [2014-04-09 18:45:39,032] [com.tcbook.ws.bin.TCBookMain->start] [TCBookMain.java:72] |- [TCBookMain] Registering threads on shutdown manager...
[34m[INFO ][0;39m [2014-04-09 18:45:39,032] [com.tcbook.ws.web.manager.WebServerManager->run] [WebServerManager.java:30] |- [WEB_SERVER_MANAGER] Starting server for WebServices...
[34m[INFO ][0;39m [2014-04-09 18:45:39,080] [com.tcbook.ws.web.manager.WebServerManager->configureConnector] [WebServerManager.java:102] |- [WEB_SERVER_MANAGER] Starting WebServer[jetty] on port 9001...
[1;31m[ERROR][0;39m [2014-04-09 18:45:39,155] [com.tcbook.ws.web.manager.WebServerManager->startServer] [WebServerManager.java:67] |- [WEB_SERVER_MANAGER] Error starting Jetty webserver: java.net.BindException: Address already in use
[34m[INFO ][0;39m [2014-04-09 18:45:39,160] [com.tcbook.ws.bin.Shutdown->run] [Shutdown.java:22] |- TCBookMain is shutting down...
[34m[INFO ][0;39m [2014-04-09 18:45:39,160] [com.tcbook.ws.web.manager.WebServerManager->shutdown] [WebServerManager.java:132] |- [WEB_SERVER_MANAGER] Stopping Webserver...
[1;31m[ERROR][0;39m [2014-04-09 18:45:39,160] [com.tcbook.ws.web.manager.WebServerManager->shutdown] [WebServerManager.java:138] |- [WEB_SERVER_MANAGER] Error on stop WebServer!
java.lang.NullPointerException: null
	at com.tcbook.ws.web.manager.WebServerManager.shutdown(WebServerManager.java:135) ~[bin/:na]
	at com.tcbook.ws.bin.Shutdown.run(Shutdown.java:26) [bin/:na]
[34m[INFO ][0;39m [2014-04-09 18:45:42,033] [com.tcbook.ws.bin.TCBookMain->start] [TCBookMain.java:77] |- [TCBookMain] Application started! Time it took: 3463ms
[39m[DEBUG][0;39m [2014-04-09 18:46:04,106] [com.tcbook.ws.bin.TCBookMain->start] [TCBookMain.java:42] |- [TCBook] Initializing database...
[34m[INFO ][0;39m [2014-04-09 18:46:04,363] [c.tcbook.ws.database.datasource.DataSourceManager->initDataSource] [DataSourceManager.java:93] |- DataSource TCBOOK_DB created with properties: com.tcbook.ws.database.datasource.DataSourceProperties@7f92c8d9[type=MY_SQL,databaseSchemaName=<null>,driver=com.mysql.jdbc.Driver,url=jdbc:mysql://localhost:3306/mc536,username=tcbook-ws,password=tcbook123,initialSize=1,maxActive=100,minIdle=10,maxIdle=20,maxWait=60000,validationQuery=SELECT CURDATE();]
[34m[INFO ][0;39m [2014-04-09 18:46:04,366] [com.tcbook.ws.bin.TCBookMain->start] [TCBookMain.java:72] |- [TCBookMain] Registering threads on shutdown manager...
[34m[INFO ][0;39m [2014-04-09 18:46:04,366] [com.tcbook.ws.web.manager.WebServerManager->run] [WebServerManager.java:30] |- [WEB_SERVER_MANAGER] Starting server for WebServices...
[34m[INFO ][0;39m [2014-04-09 18:46:04,420] [com.tcbook.ws.web.manager.WebServerManager->configureConnector] [WebServerManager.java:102] |- [WEB_SERVER_MANAGER] Starting WebServer[jetty] on port 9001...
[1;31m[ERROR][0;39m [2014-04-09 18:46:04,492] [com.tcbook.ws.web.manager.WebServerManager->startServer] [WebServerManager.java:67] |- [WEB_SERVER_MANAGER] Error starting Jetty webserver: java.net.BindException: Address already in use
[34m[INFO ][0;39m [2014-04-09 18:46:04,493] [com.tcbook.ws.bin.Shutdown->run] [Shutdown.java:22] |- TCBookMain is shutting down...
[34m[INFO ][0;39m [2014-04-09 18:46:04,494] [com.tcbook.ws.web.manager.WebServerManager->shutdown] [WebServerManager.java:132] |- [WEB_SERVER_MANAGER] Stopping Webserver...
[1;31m[ERROR][0;39m [2014-04-09 18:46:04,494] [com.tcbook.ws.web.manager.WebServerManager->shutdown] [WebServerManager.java:138] |- [WEB_SERVER_MANAGER] Error on stop WebServer!
java.lang.NullPointerException: null
	at com.tcbook.ws.web.manager.WebServerManager.shutdown(WebServerManager.java:135) ~[bin/:na]
	at com.tcbook.ws.bin.Shutdown.run(Shutdown.java:26) [bin/:na]
[34m[INFO ][0;39m [2014-04-09 18:46:07,367] [com.tcbook.ws.bin.TCBookMain->start] [TCBookMain.java:77] |- [TCBookMain] Application started! Time it took: 3486ms
[34m[INFO ][0;39m [2014-04-09 18:46:10,300] [com.tcbook.ws.bin.Shutdown->run] [Shutdown.java:22] |- TCBookMain is shutting down...
[34m[INFO ][0;39m [2014-04-09 18:46:10,300] [com.tcbook.ws.web.manager.WebServerManager->shutdown] [WebServerManager.java:130] |- [WEB_SERVER_MANAGER] Stopping Webserver...
[34m[INFO ][0;39m [2014-04-09 18:46:10,422] [com.tcbook.ws.web.manager.WebServerManager->shutdown] [WebServerManager.java:134] |- [WEB_SERVER_MANAGER] Webserver stopped.
[34m[INFO ][0;39m [2014-04-09 18:46:10,423] [com.tcbook.ws.bin.Shutdown->run] [Shutdown.java:39] |- TCBook Ended. Time it took: 123ms.
[39m[DEBUG][0;39m [2014-04-09 18:46:16,575] [com.tcbook.ws.bin.TCBookMain->start] [TCBookMain.java:42] |- [TCBook] Initializing database...
[34m[INFO ][0;39m [2014-04-09 18:46:16,819] [c.tcbook.ws.database.datasource.DataSourceManager->initDataSource] [DataSourceManager.java:93] |- DataSource TCBOOK_DB created with properties: com.tcbook.ws.database.datasource.DataSourceProperties@60de1b8a[type=MY_SQL,databaseSchemaName=<null>,driver=com.mysql.jdbc.Driver,url=jdbc:mysql://localhost:3306/mc536,username=tcbook-ws,password=tcbook123,initialSize=1,maxActive=100,minIdle=10,maxIdle=20,maxWait=60000,validationQuery=SELECT CURDATE();]
[34m[INFO ][0;39m [2014-04-09 18:46:16,823] [com.tcbook.ws.bin.TCBookMain->start] [TCBookMain.java:72] |- [TCBookMain] Registering threads on shutdown manager...
[34m[INFO ][0;39m [2014-04-09 18:46:16,823] [com.tcbook.ws.web.manager.WebServerManager->run] [WebServerManager.java:30] |- [WEB_SERVER_MANAGER] Starting server for WebServices...
[34m[INFO ][0;39m [2014-04-09 18:46:16,873] [com.tcbook.ws.web.manager.WebServerManager->configureConnector] [WebServerManager.java:102] |- [WEB_SERVER_MANAGER] Starting WebServer[jetty] on port 9001...
[34m[INFO ][0;39m [2014-04-09 18:46:16,956] [com.tcbook.ws.web.manager.WebServerManager->startServer] [WebServerManager.java:65] |- [WEB_SERVER_MANAGER] WebServer started!
[34m[INFO ][0;39m [2014-04-09 18:46:19,824] [com.tcbook.ws.bin.TCBookMain->start] [TCBookMain.java:77] |- [TCBookMain] Application started! Time it took: 3466ms
[34m[INFO ][0;39m [2014-04-09 18:46:31,598] [com.tcbook.ws.bin.Shutdown->run] [Shutdown.java:22] |- TCBookMain is shutting down...
[34m[INFO ][0;39m [2014-04-09 18:46:31,599] [com.tcbook.ws.web.manager.WebServerManager->shutdown] [WebServerManager.java:132] |- [WEB_SERVER_MANAGER] Stopping Webserver...
[34m[INFO ][0;39m [2014-04-09 18:46:31,722] [com.tcbook.ws.web.manager.WebServerManager->shutdown] [WebServerManager.java:136] |- [WEB_SERVER_MANAGER] Webserver stopped.
[34m[INFO ][0;39m [2014-04-09 18:46:31,722] [com.tcbook.ws.bin.Shutdown->run] [Shutdown.java:39] |- TCBook Ended. Time it took: 124ms.
[39m[DEBUG][0;39m [2014-04-09 18:46:33,575] [com.tcbook.ws.bin.TCBookMain->start] [TCBookMain.java:42] |- [TCBook] Initializing database...
[34m[INFO ][0;39m [2014-04-09 18:46:33,810] [c.tcbook.ws.database.datasource.DataSourceManager->initDataSource] [DataSourceManager.java:93] |- DataSource TCBOOK_DB created with properties: com.tcbook.ws.database.datasource.DataSourceProperties@60de1b8a[type=MY_SQL,databaseSchemaName=<null>,driver=com.mysql.jdbc.Driver,url=jdbc:mysql://localhost:3306/mc536,username=tcbook-ws,password=tcbook123,initialSize=1,maxActive=100,minIdle=10,maxIdle=20,maxWait=60000,validationQuery=SELECT CURDATE();]
[34m[INFO ][0;39m [2014-04-09 18:46:33,814] [com.tcbook.ws.bin.TCBookMain->start] [TCBookMain.java:72] |- [TCBookMain] Registering threads on shutdown manager...
[34m[INFO ][0;39m [2014-04-09 18:46:33,814] [com.tcbook.ws.web.manager.WebServerManager->run] [WebServerManager.java:30] |- [WEB_SERVER_MANAGER] Starting server for WebServices...
[34m[INFO ][0;39m [2014-04-09 18:46:33,861] [com.tcbook.ws.web.manager.WebServerManager->configureConnector] [WebServerManager.java:102] |- [WEB_SERVER_MANAGER] Starting WebServer[jetty] on port 9001...
[34m[INFO ][0;39m [2014-04-09 18:46:33,939] [com.tcbook.ws.web.manager.WebServerManager->startServer] [WebServerManager.java:65] |- [WEB_SERVER_MANAGER] WebServer started!
[34m[INFO ][0;39m [2014-04-09 18:46:36,815] [com.tcbook.ws.bin.TCBookMain->start] [TCBookMain.java:77] |- [TCBookMain] Application started! Time it took: 3463ms
[34m[INFO ][0;39m [2014-04-09 18:47:09,854] [com.tcbook.ws.bin.Shutdown->run] [Shutdown.java:22] |- TCBookMain is shutting down...
[34m[INFO ][0;39m [2014-04-09 18:47:09,854] [com.tcbook.ws.web.manager.WebServerManager->shutdown] [WebServerManager.java:132] |- [WEB_SERVER_MANAGER] Stopping Webserver...
[34m[INFO ][0;39m [2014-04-09 18:47:09,979] [com.tcbook.ws.web.manager.WebServerManager->shutdown] [WebServerManager.java:136] |- [WEB_SERVER_MANAGER] Webserver stopped.
[34m[INFO ][0;39m [2014-04-09 18:47:09,981] [com.tcbook.ws.bin.Shutdown->run] [Shutdown.java:39] |- TCBook Ended. Time it took: 127ms.
[39m[DEBUG][0;39m [2014-04-09 21:36:16,946] [com.tcbook.ws.bin.TCBookMain->start] [TCBookMain.java:42] |- [TCBook] Initializing database...
[34m[INFO ][0;39m [2014-04-09 21:36:17,201] [c.tcbook.ws.database.datasource.DataSourceManager->initDataSource] [DataSourceManager.java:93] |- DataSource TCBOOK_DB created with properties: com.tcbook.ws.database.datasource.DataSourceProperties@60de1b8a[type=MY_SQL,databaseSchemaName=<null>,driver=com.mysql.jdbc.Driver,url=jdbc:mysql://localhost:3306/mc536,username=tcbook-ws,password=tcbook123,initialSize=1,maxActive=100,minIdle=10,maxIdle=20,maxWait=60000,validationQuery=SELECT CURDATE();]
[34m[INFO ][0;39m [2014-04-09 21:36:17,205] [com.tcbook.ws.bin.TCBookMain->start] [TCBookMain.java:72] |- [TCBookMain] Registering threads on shutdown manager...
[34m[INFO ][0;39m [2014-04-09 21:36:17,205] [com.tcbook.ws.web.manager.WebServerManager->run] [WebServerManager.java:30] |- [WEB_SERVER_MANAGER] Starting server for WebServices...
[34m[INFO ][0;39m [2014-04-09 21:36:17,251] [com.tcbook.ws.web.manager.WebServerManager->configureConnector] [WebServerManager.java:100] |- [WEB_SERVER_MANAGER] Starting WebServer[jetty] on port 9001...
[34m[INFO ][0;39m [2014-04-09 21:36:17,329] [com.tcbook.ws.web.manager.WebServerManager->startServer] [WebServerManager.java:65] |- [WEB_SERVER_MANAGER] WebServer started!
[34m[INFO ][0;39m [2014-04-09 21:36:20,205] [com.tcbook.ws.bin.TCBookMain->start] [TCBookMain.java:77] |- [TCBookMain] Application started! Time it took: 3483ms
[39m[DEBUG][0;39m [2014-04-09 21:36:46,402] [com.tcbook.ws.bin.TCBookMain->start] [TCBookMain.java:42] |- [TCBook] Initializing database...
[34m[INFO ][0;39m [2014-04-09 21:36:46,646] [c.tcbook.ws.database.datasource.DataSourceManager->initDataSource] [DataSourceManager.java:93] |- DataSource TCBOOK_DB created with properties: com.tcbook.ws.database.datasource.DataSourceProperties@7dc05ffd[type=MY_SQL,databaseSchemaName=<null>,driver=com.mysql.jdbc.Driver,url=jdbc:mysql://localhost:3306/mc536,username=tcbook-ws,password=tcbook123,initialSize=1,maxActive=100,minIdle=10,maxIdle=20,maxWait=60000,validationQuery=SELECT CURDATE();]
[34m[INFO ][0;39m [2014-04-09 21:36:46,650] [com.tcbook.ws.bin.TCBookMain->start] [TCBookMain.java:72] |- [TCBookMain] Registering threads on shutdown manager...
[34m[INFO ][0;39m [2014-04-09 21:36:46,650] [com.tcbook.ws.web.manager.WebServerManager->run] [WebServerManager.java:30] |- [WEB_SERVER_MANAGER] Starting server for WebServices...
[34m[INFO ][0;39m [2014-04-09 21:36:46,693] [com.tcbook.ws.web.manager.WebServerManager->configureConnector] [WebServerManager.java:100] |- [WEB_SERVER_MANAGER] Starting WebServer[jetty] on port 9001...
[1;31m[ERROR][0;39m [2014-04-09 21:36:46,761] [com.tcbook.ws.web.manager.WebServerManager->startServer] [WebServerManager.java:67] |- [WEB_SERVER_MANAGER] Error starting Jetty webserver: java.net.BindException: Address already in use
[34m[INFO ][0;39m [2014-04-09 21:36:46,765] [com.tcbook.ws.bin.Shutdown->run] [Shutdown.java:22] |- TCBookMain is shutting down...
[34m[INFO ][0;39m [2014-04-09 21:36:46,766] [com.tcbook.ws.web.manager.WebServerManager->shutdown] [WebServerManager.java:130] |- [WEB_SERVER_MANAGER] Stopping Webserver...
[1;31m[ERROR][0;39m [2014-04-09 21:36:46,766] [com.tcbook.ws.web.manager.WebServerManager->shutdown] [WebServerManager.java:136] |- [WEB_SERVER_MANAGER] Error on stop WebServer!
java.lang.NullPointerException: null
	at com.tcbook.ws.web.manager.WebServerManager.shutdown(WebServerManager.java:133) ~[bin/:na]
	at com.tcbook.ws.bin.Shutdown.run(Shutdown.java:26) [bin/:na]
[34m[INFO ][0;39m [2014-04-09 21:36:49,650] [com.tcbook.ws.bin.TCBookMain->start] [TCBookMain.java:77] |- [TCBookMain] Application started! Time it took: 3470ms
[39m[DEBUG][0;39m [2014-04-09 21:37:08,723] [com.tcbook.ws.bin.TCBookMain->start] [TCBookMain.java:42] |- [TCBook] Initializing database...
[34m[INFO ][0;39m [2014-04-09 21:37:08,995] [c.tcbook.ws.database.datasource.DataSourceManager->initDataSource] [DataSourceManager.java:93] |- DataSource TCBOOK_DB created with properties: com.tcbook.ws.database.datasource.DataSourceProperties@7dc05ffd[type=MY_SQL,databaseSchemaName=<null>,driver=com.mysql.jdbc.Driver,url=jdbc:mysql://localhost:3306/mc536,username=tcbook-ws,password=tcbook123,initialSize=1,maxActive=100,minIdle=10,maxIdle=20,maxWait=60000,validationQuery=SELECT CURDATE();]
[34m[INFO ][0;39m [2014-04-09 21:37:08,999] [com.tcbook.ws.bin.TCBookMain->start] [TCBookMain.java:72] |- [TCBookMain] Registering threads on shutdown manager...
[34m[INFO ][0;39m [2014-04-09 21:37:08,999] [com.tcbook.ws.web.manager.WebServerManager->run] [WebServerManager.java:30] |- [WEB_SERVER_MANAGER] Starting server for WebServices...
[34m[INFO ][0;39m [2014-04-09 21:37:09,044] [com.tcbook.ws.web.manager.WebServerManager->configureConnector] [WebServerManager.java:100] |- [WEB_SERVER_MANAGER] Starting WebServer[jetty] on port 9001...
[1;31m[ERROR][0;39m [2014-04-09 21:37:09,112] [com.tcbook.ws.web.manager.WebServerManager->startServer] [WebServerManager.java:67] |- [WEB_SERVER_MANAGER] Error starting Jetty webserver: java.net.BindException: Address already in use
[34m[INFO ][0;39m [2014-04-09 21:37:09,116] [com.tcbook.ws.bin.Shutdown->run] [Shutdown.java:22] |- TCBookMain is shutting down...
[34m[INFO ][0;39m [2014-04-09 21:37:09,116] [com.tcbook.ws.web.manager.WebServerManager->shutdown] [WebServerManager.java:130] |- [WEB_SERVER_MANAGER] Stopping Webserver...
[1;31m[ERROR][0;39m [2014-04-09 21:37:09,116] [com.tcbook.ws.web.manager.WebServerManager->shutdown] [WebServerManager.java:136] |- [WEB_SERVER_MANAGER] Error on stop WebServer!
java.lang.NullPointerException: null
	at com.tcbook.ws.web.manager.WebServerManager.shutdown(WebServerManager.java:133) ~[bin/:na]
	at com.tcbook.ws.bin.Shutdown.run(Shutdown.java:26) [bin/:na]
[34m[INFO ][0;39m [2014-04-09 21:37:12,000] [com.tcbook.ws.bin.TCBookMain->start] [TCBookMain.java:77] |- [TCBookMain] Application started! Time it took: 3497ms
[34m[INFO ][0;39m [2014-04-09 21:37:20,717] [com.tcbook.ws.bin.Shutdown->run] [Shutdown.java:22] |- TCBookMain is shutting down...
[34m[INFO ][0;39m [2014-04-09 21:37:20,718] [com.tcbook.ws.web.manager.WebServerManager->shutdown] [WebServerManager.java:130] |- [WEB_SERVER_MANAGER] Stopping Webserver...
[34m[INFO ][0;39m [2014-04-09 21:37:20,841] [com.tcbook.ws.web.manager.WebServerManager->shutdown] [WebServerManager.java:134] |- [WEB_SERVER_MANAGER] Webserver stopped.
[34m[INFO ][0;39m [2014-04-09 21:37:20,842] [com.tcbook.ws.bin.Shutdown->run] [Shutdown.java:39] |- TCBook Ended. Time it took: 125ms.
[39m[DEBUG][0;39m [2014-04-09 21:37:33,422] [com.tcbook.ws.bin.TCBookMain->start] [TCBookMain.java:42] |- [TCBook] Initializing database...
[34m[INFO ][0;39m [2014-04-09 21:37:33,665] [c.tcbook.ws.database.datasource.DataSourceManager->initDataSource] [DataSourceManager.java:93] |- DataSource TCBOOK_DB created with properties: com.tcbook.ws.database.datasource.DataSourceProperties@60de1b8a[type=MY_SQL,databaseSchemaName=<null>,driver=com.mysql.jdbc.Driver,url=jdbc:mysql://localhost:3306/mc536,username=tcbook-ws,password=tcbook123,initialSize=1,maxActive=100,minIdle=10,maxIdle=20,maxWait=60000,validationQuery=SELECT CURDATE();]
[34m[INFO ][0;39m [2014-04-09 21:37:33,669] [com.tcbook.ws.bin.TCBookMain->start] [TCBookMain.java:72] |- [TCBookMain] Registering threads on shutdown manager...
[34m[INFO ][0;39m [2014-04-09 21:37:33,669] [com.tcbook.ws.web.manager.WebServerManager->run] [WebServerManager.java:30] |- [WEB_SERVER_MANAGER] Starting server for WebServices...
[34m[INFO ][0;39m [2014-04-09 21:37:33,715] [com.tcbook.ws.web.manager.WebServerManager->configureConnector] [WebServerManager.java:100] |- [WEB_SERVER_MANAGER] Starting WebServer[jetty] on port 9001...
[34m[INFO ][0;39m [2014-04-09 21:37:33,794] [com.tcbook.ws.web.manager.WebServerManager->startServer] [WebServerManager.java:65] |- [WEB_SERVER_MANAGER] WebServer started!
[34m[INFO ][0;39m [2014-04-09 21:37:36,670] [com.tcbook.ws.bin.TCBookMain->start] [TCBookMain.java:77] |- [TCBookMain] Application started! Time it took: 3466ms
[34m[INFO ][0;39m [2014-04-09 21:38:23,018] [com.tcbook.ws.bin.Shutdown->run] [Shutdown.java:22] |- TCBookMain is shutting down...
[34m[INFO ][0;39m [2014-04-09 21:38:23,018] [com.tcbook.ws.web.manager.WebServerManager->shutdown] [WebServerManager.java:130] |- [WEB_SERVER_MANAGER] Stopping Webserver...
[34m[INFO ][0;39m [2014-04-09 21:38:23,142] [com.tcbook.ws.web.manager.WebServerManager->shutdown] [WebServerManager.java:134] |- [WEB_SERVER_MANAGER] Webserver stopped.
[34m[INFO ][0;39m [2014-04-09 21:38:23,142] [com.tcbook.ws.bin.Shutdown->run] [Shutdown.java:39] |- TCBook Ended. Time it took: 124ms.
[39m[DEBUG][0;39m [2014-04-09 21:38:24,401] [com.tcbook.ws.bin.TCBookMain->start] [TCBookMain.java:42] |- [TCBook] Initializing database...
[34m[INFO ][0;39m [2014-04-09 21:38:24,630] [c.tcbook.ws.database.datasource.DataSourceManager->initDataSource] [DataSourceManager.java:93] |- DataSource TCBOOK_DB created with properties: com.tcbook.ws.database.datasource.DataSourceProperties@60de1b8a[type=MY_SQL,databaseSchemaName=<null>,driver=com.mysql.jdbc.Driver,url=jdbc:mysql://localhost:3306/mc536,username=tcbook-ws,password=tcbook123,initialSize=1,maxActive=100,minIdle=10,maxIdle=20,maxWait=60000,validationQuery=SELECT CURDATE();]
[34m[INFO ][0;39m [2014-04-09 21:38:24,634] [com.tcbook.ws.bin.TCBookMain->start] [TCBookMain.java:72] |- [TCBookMain] Registering threads on shutdown manager...
[34m[INFO ][0;39m [2014-04-09 21:38:24,634] [com.tcbook.ws.web.manager.WebServerManager->run] [WebServerManager.java:30] |- [WEB_SERVER_MANAGER] Starting server for WebServices...
[34m[INFO ][0;39m [2014-04-09 21:38:24,680] [com.tcbook.ws.web.manager.WebServerManager->configureConnector] [WebServerManager.java:100] |- [WEB_SERVER_MANAGER] Starting WebServer[jetty] on port 9001...
[34m[INFO ][0;39m [2014-04-09 21:38:24,759] [com.tcbook.ws.web.manager.WebServerManager->startServer] [WebServerManager.java:65] |- [WEB_SERVER_MANAGER] WebServer started!
[34m[INFO ][0;39m [2014-04-09 21:38:27,635] [com.tcbook.ws.bin.TCBookMain->start] [TCBookMain.java:77] |- [TCBookMain] Application started! Time it took: 3449ms
[39m[DEBUG][0;39m [2014-04-09 22:00:20,757] [com.tcbook.ws.bin.TCBookMain->start] [TCBookMain.java:42] |- [TCBook] Initializing database...
[34m[INFO ][0;39m [2014-04-09 22:00:21,019] [c.tcbook.ws.database.datasource.DataSourceManager->initDataSource] [DataSourceManager.java:93] |- DataSource TCBOOK_DB created with properties: com.tcbook.ws.database.datasource.DataSourceProperties@60de1b8a[type=MY_SQL,databaseSchemaName=<null>,driver=com.mysql.jdbc.Driver,url=jdbc:mysql://localhost:3306/mc536,username=tcbook-ws,password=tcbook123,initialSize=1,maxActive=100,minIdle=10,maxIdle=20,maxWait=60000,validationQuery=SELECT CURDATE();]
[34m[INFO ][0;39m [2014-04-09 22:00:21,023] [com.tcbook.ws.bin.TCBookMain->start] [TCBookMain.java:72] |- [TCBookMain] Registering threads on shutdown manager...
[34m[INFO ][0;39m [2014-04-09 22:00:21,023] [com.tcbook.ws.web.manager.WebServerManager->run] [WebServerManager.java:30] |- [WEB_SERVER_MANAGER] Starting server for WebServices...
[34m[INFO ][0;39m [2014-04-09 22:00:21,074] [com.tcbook.ws.web.manager.WebServerManager->configureConnector] [WebServerManager.java:100] |- [WEB_SERVER_MANAGER] Starting WebServer[jetty] on port 9001...
[1;31m[ERROR][0;39m [2014-04-09 22:00:21,156] [com.tcbook.ws.web.manager.WebServerManager->startServer] [WebServerManager.java:67] |- [WEB_SERVER_MANAGER] Error starting Jetty webserver: java.net.BindException: Address already in use
[34m[INFO ][0;39m [2014-04-09 22:00:21,161] [com.tcbook.ws.bin.Shutdown->run] [Shutdown.java:22] |- TCBookMain is shutting down...
[34m[INFO ][0;39m [2014-04-09 22:00:21,161] [com.tcbook.ws.web.manager.WebServerManager->shutdown] [WebServerManager.java:130] |- [WEB_SERVER_MANAGER] Stopping Webserver...
[1;31m[ERROR][0;39m [2014-04-09 22:00:21,161] [com.tcbook.ws.web.manager.WebServerManager->shutdown] [WebServerManager.java:136] |- [WEB_SERVER_MANAGER] Error on stop WebServer!
java.lang.NullPointerException: null
	at com.tcbook.ws.web.manager.WebServerManager.shutdown(WebServerManager.java:133) ~[bin/:na]
	at com.tcbook.ws.bin.Shutdown.run(Shutdown.java:26) [bin/:na]
[34m[INFO ][0;39m [2014-04-09 22:00:24,024] [com.tcbook.ws.bin.TCBookMain->start] [TCBookMain.java:77] |- [TCBookMain] Application started! Time it took: 3488ms
[34m[INFO ][0;39m [2014-04-09 22:00:24,170] [com.tcbook.ws.bin.Shutdown->run] [Shutdown.java:22] |- TCBookMain is shutting down...
[34m[INFO ][0;39m [2014-04-09 22:00:24,170] [com.tcbook.ws.web.manager.WebServerManager->shutdown] [WebServerManager.java:130] |- [WEB_SERVER_MANAGER] Stopping Webserver...
[34m[INFO ][0;39m [2014-04-09 22:00:24,294] [com.tcbook.ws.web.manager.WebServerManager->shutdown] [WebServerManager.java:134] |- [WEB_SERVER_MANAGER] Webserver stopped.
[34m[INFO ][0;39m [2014-04-09 22:00:24,295] [com.tcbook.ws.bin.Shutdown->run] [Shutdown.java:39] |- TCBook Ended. Time it took: 125ms.
[39m[DEBUG][0;39m [2014-04-09 22:00:35,168] [com.tcbook.ws.bin.TCBookMain->start] [TCBookMain.java:42] |- [TCBook] Initializing database...
[34m[INFO ][0;39m [2014-04-09 22:00:35,409] [c.tcbook.ws.database.datasource.DataSourceManager->initDataSource] [DataSourceManager.java:93] |- DataSource TCBOOK_DB created with properties: com.tcbook.ws.database.datasource.DataSourceProperties@60de1b8a[type=MY_SQL,databaseSchemaName=<null>,driver=com.mysql.jdbc.Driver,url=jdbc:mysql://localhost:3306/mc536,username=tcbook-ws,password=tcbook123,initialSize=1,maxActive=100,minIdle=10,maxIdle=20,maxWait=60000,validationQuery=SELECT CURDATE();]
[34m[INFO ][0;39m [2014-04-09 22:00:35,412] [com.tcbook.ws.bin.TCBookMain->start] [TCBookMain.java:72] |- [TCBookMain] Registering threads on shutdown manager...
[34m[INFO ][0;39m [2014-04-09 22:00:35,412] [com.tcbook.ws.web.manager.WebServerManager->run] [WebServerManager.java:30] |- [WEB_SERVER_MANAGER] Starting server for WebServices...
[34m[INFO ][0;39m [2014-04-09 22:00:35,457] [com.tcbook.ws.web.manager.WebServerManager->configureConnector] [WebServerManager.java:100] |- [WEB_SERVER_MANAGER] Starting WebServer[jetty] on port 9001...
[34m[INFO ][0;39m [2014-04-09 22:00:35,550] [com.tcbook.ws.web.manager.WebServerManager->startServer] [WebServerManager.java:65] |- [WEB_SERVER_MANAGER] WebServer started!
[34m[INFO ][0;39m [2014-04-09 22:00:38,413] [com.tcbook.ws.bin.TCBookMain->start] [TCBookMain.java:77] |- [TCBookMain] Application started! Time it took: 3470ms
[34m[INFO ][0;39m [2014-04-09 22:01:32,106] [com.tcbook.ws.bin.Shutdown->run] [Shutdown.java:22] |- TCBookMain is shutting down...
[34m[INFO ][0;39m [2014-04-09 22:01:32,107] [com.tcbook.ws.web.manager.WebServerManager->shutdown] [WebServerManager.java:130] |- [WEB_SERVER_MANAGER] Stopping Webserver...
[34m[INFO ][0;39m [2014-04-09 22:01:32,231] [com.tcbook.ws.web.manager.WebServerManager->shutdown] [WebServerManager.java:134] |- [WEB_SERVER_MANAGER] Webserver stopped.
[34m[INFO ][0;39m [2014-04-09 22:01:32,232] [com.tcbook.ws.bin.Shutdown->run] [Shutdown.java:39] |- TCBook Ended. Time it took: 126ms.
[39m[DEBUG][0;39m [2014-04-09 22:01:32,963] [com.tcbook.ws.bin.TCBookMain->start] [TCBookMain.java:42] |- [TCBook] Initializing database...
[34m[INFO ][0;39m [2014-04-09 22:01:33,235] [c.tcbook.ws.database.datasource.DataSourceManager->initDataSource] [DataSourceManager.java:93] |- DataSource TCBOOK_DB created with properties: com.tcbook.ws.database.datasource.DataSourceProperties@60de1b8a[type=MY_SQL,databaseSchemaName=<null>,driver=com.mysql.jdbc.Driver,url=jdbc:mysql://localhost:3306/mc536,username=tcbook-ws,password=tcbook123,initialSize=1,maxActive=100,minIdle=10,maxIdle=20,maxWait=60000,validationQuery=SELECT CURDATE();]
[34m[INFO ][0;39m [2014-04-09 22:01:33,239] [com.tcbook.ws.bin.TCBookMain->start] [TCBookMain.java:72] |- [TCBookMain] Registering threads on shutdown manager...
[34m[INFO ][0;39m [2014-04-09 22:01:33,239] [com.tcbook.ws.web.manager.WebServerManager->run] [WebServerManager.java:30] |- [WEB_SERVER_MANAGER] Starting server for WebServices...
[34m[INFO ][0;39m [2014-04-09 22:01:33,289] [com.tcbook.ws.web.manager.WebServerManager->configureConnector] [WebServerManager.java:100] |- [WEB_SERVER_MANAGER] Starting WebServer[jetty] on port 9001...
[34m[INFO ][0;39m [2014-04-09 22:01:33,395] [com.tcbook.ws.web.manager.WebServerManager->startServer] [WebServerManager.java:65] |- [WEB_SERVER_MANAGER] WebServer started!
[34m[INFO ][0;39m [2014-04-09 22:01:36,240] [com.tcbook.ws.bin.TCBookMain->start] [TCBookMain.java:77] |- [TCBookMain] Application started! Time it took: 3499ms
